submit host:
fj087
submit dir:
/lustre/home/wehrenberger/code/efficient_machine_learning/8th_chapter
nodelist:
fj-epyc
##############################################
# Welcome to EML's U-Net for seismic example #
##############################################
CUDA devices: 2
   Tesla V100-PCIE-32GB
   Tesla V100-PCIE-32GB
printing configuration:
{
  "unet": {
    "n_init_channels": 50,
    "kernel_size": 3,
    "n_layers_per_block": 2,
    "n_levels": 3
  },
  "train": {
    "data": {
      "seismic": "data/data_train.npz",
      "labels": "data/labels_train.npz",
      "sample_shape": [
        1004,
        1,
        588
      ],
      "subset": [
        [
          0,
          1004
        ],
        [
          0,
          750
        ],
        [
          0,
          588
        ]
      ]
    },
    "n_epochs": 50,
    "n_epochs_print": 20,
    "n_batch_abort": 5000,
    "batch_size": 8
  },
  "test": {
    "data": {
      "seismic": "data/data_train.npz",
      "labels": "data/labels_train.npz",
      "sample_shape": [
        1004,
        1,
        588
      ],
      "subset": [
        [
          0,
          1004
        ],
        [
          751,
          782
        ],
        [
          0,
          588
        ]
      ]
    },
    "batch_size": 1
  }
}
********************
* assembling U-Net *
********************
encoder:
Sequential(
  (0): Conv2d(1, 50, kernel_size=(3, 3), stride=(1, 1))
  (1): BatchNorm2d(50, eps=1e-05, momentum=0.1, affine=True, track_running_stats=True)
  (2): ReLU(inplace=True)
  (3): Conv2d(50, 50, kernel_size=(3, 3), stride=(1, 1))
  (4): BatchNorm2d(50, eps=1e-05, momentum=0.1, affine=True, track_running_stats=True)
  (5): ReLU(inplace=True)
)
Sequential(
  (0): Conv2d(50, 100, kernel_size=(3, 3), stride=(1, 1))
  (1): BatchNorm2d(100, eps=1e-05, momentum=0.1, affine=True, track_running_stats=True)
  (2): ReLU(inplace=True)
  (3): Conv2d(100, 100, kernel_size=(3, 3), stride=(1, 1))
  (4): BatchNorm2d(100, eps=1e-05, momentum=0.1, affine=True, track_running_stats=True)
  (5): ReLU(inplace=True)
)
max_pooling:
MaxPool2d(kernel_size=2, stride=2, padding=0, dilation=1, ceil_mode=False)
crop:
ZeroPad2d((-16, -16, -16, -16))
ZeroPad2d((-4, -4, -4, -4))
bottleneck:
Sequential(
  (0): Conv2d(100, 100, kernel_size=(3, 3), stride=(1, 1))
  (1): BatchNorm2d(100, eps=1e-05, momentum=0.1, affine=True, track_running_stats=True)
  (2): ReLU(inplace=True)
  (3): Conv2d(100, 100, kernel_size=(3, 3), stride=(1, 1))
  (4): BatchNorm2d(100, eps=1e-05, momentum=0.1, affine=True, track_running_stats=True)
  (5): ReLU(inplace=True)
)
up_sampling:
Upsample(scale_factor=2.0, mode=bilinear)
decoder:
Sequential(
  (0): Conv2d(100, 50, kernel_size=(3, 3), stride=(1, 1))
  (1): BatchNorm2d(50, eps=1e-05, momentum=0.1, affine=True, track_running_stats=True)
  (2): ReLU(inplace=True)
  (3): Conv2d(50, 50, kernel_size=(3, 3), stride=(1, 1))
  (4): BatchNorm2d(50, eps=1e-05, momentum=0.1, affine=True, track_running_stats=True)
  (5): ReLU(inplace=True)
)
Sequential(
  (0): Conv2d(200, 50, kernel_size=(3, 3), stride=(1, 1))
  (1): BatchNorm2d(50, eps=1e-05, momentum=0.1, affine=True, track_running_stats=True)
  (2): ReLU(inplace=True)
  (3): Conv2d(50, 50, kernel_size=(3, 3), stride=(1, 1))
  (4): BatchNorm2d(50, eps=1e-05, momentum=0.1, affine=True, track_running_stats=True)
  (5): ReLU(inplace=True)
)
classification:
Conv2d(50, 8, kernel_size=(1, 1), stride=(1, 1))
*****************
* prepping data *
*****************
loading training dataset
shape padded: (1004, 750, 588)
shape: (1, 750, 1)
loading test data set
shape padded: (1004, 31, 588)
shape: (1, 31, 1)
deriving mean and standard deviation of training data
  mean: 0.6930369
  std: 388.38947
normalizing training and test data
initializing data loaders
************
* training *
************
training epoch 1
  processed 94 batches
  training loss: 132.4986947774887
Traceback (most recent call last):
  File "/lustre/home/wehrenberger/code/efficient_machine_learning/8th_chapter/unet_seismic/unet_seismic.py", line 152, in <module>
    new_lr = lr / l_epoch+1
ZeroDivisionError: float division by zero
